

Microchip Technology PIC PRO Macro Assembler V1.45 build -152302408 
                                                                                               Thu Nov 14 17:39:25 2024

Microchip Technology Omniscient Code Generator v1.45 (PRO mode) build 201711160504
     1                           	processor	SC8F072
     2                           	opt	pw 120
     3                           	opt	pm
     4                           	psect	text0,local,class=CODE,merge=1,delta=2
     5                           	psect	cinit,global,class=CODE,merge=1,delta=2
     6                           	psect	cstackCOMMON,global,class=COMMON,space=1,delta=1
     7                           	psect	maintext,global,class=CODE,split=1,delta=2
     8                           	psect	text1,local,class=CODE,merge=1,delta=2
     9                           	psect	intentry,global,class=CODE,delta=2
    10                           	psect	pa_nodes0,global,class=CODE,delta=2
    11                           	dabs	1,0x7E,2
    12  0000                     
    13                           ; Version 1.45
    14                           ; Generated 16/11/2017 GMT
    15                           ; 
    16                           ; Copyright 漏 2017, Microchip Technology Inc. and its subsidiaries ("Microchip")
    17                           ; All rights reserved.
    18                           ; 
    19                           ; This software is developed by Microchip Technology Inc. and its subsidiaries ("Microch
      +                          ip").
    20                           ; 
    21                           ; Redistribution and use in source and binary forms, with or without modification, are
    22                           ; permitted provided that the following conditions are met:
    23                           ; 
    24                           ;     1. Redistributions of source code must retain the above copyright notice, this lis
      +                          t of
    25                           ;        conditions and the following disclaimer.
    26                           ; 
    27                           ;     2. Redistributions in binary form must reproduce the above copyright notice, this 
      +                          list
    28                           ;        of conditions and the following disclaimer in the documentation and/or other
    29                           ;        materials provided with the distribution.
    30                           ; 
    31                           ;     3. Microchip's name may not be used to endorse or promote products derived from th
      +                          is
    32                           ;        software without specific prior written permission.
    33                           ; 
    34                           ; THIS SOFTWARE IS PROVIDED BY MICROCHIP "AS IS" AND ANY EXPRESS OR IMPLIED WARRANTIES,
    35                           ; INCLUDING, BUT NOT LIMITED TO, THE IMPLIED WARRANTIES OF MERCHANTABILITY AND FITNESS F
      +                          OR
    36                           ; PURPOSE ARE DISCLAIMED.  IN NO EVENT SHALL MICROCHIP BE LIABLE FOR ANY DIRECT, INDIREC
      +                          T,
    37                           ; INCIDENTAL, SPECIAL, EXEMPLARY, OR CONSEQUENTIAL DAMAGES (INCLUDING BUT NOT LIMITED TO
    38                           ; PROCUREMENT OF SUBSTITUTE GOODS OR SERVICES; LOSS OF USE, DATA OR PROFITS; OR BUSINESS
    39                           ; INTERRUPTION) HOWSOEVER CAUSED AND ON ANY THEORY OF LIABILITY, WHETHER IN CONTRACT, ST
      +                          RICT
    40                           ; LIABILITY, OR TORT (INCLUDING NEGLIGENCE OR OTHERWISE) ARISING IN ANY WAY OUT OF THE U
      +                          SE OF
    41                           ; THIS SOFTWARE, EVEN IF ADVISED OF THE POSSIBILITY OF SUCH DAMAGE.
    42                           ; 
    43                           ; 
    44                           ; Code-generator required, PIC16F887 Definitions
    45                           ; 
    46                           ; SFR Addresses
    47  0000                     
    48                           	psect	text0
    49  0000                     __ptext0:	
    50  0014                     _OSCCON	set	20
    51  0013                     _T2CON	set	19
    52  0011                     _PR2	set	17
    53  000B                     _INTCON	set	11
    54  0009                     _IOCB	set	9
    55  0008                     _WPUB	set	8
    56  0006                     _PORTB	set	6
    57  0005                     _TRISB	set	5
    58  0001                     _OPTION_REG	set	1
    59  0071                     _TMR2IE	set	113
    60  0069                     _TMR2IF	set	105
    61  0058                     _RBIF	set	88
    62  005B                     _RBIE	set	91
    63  0086                     _PORTA	set	134
    64  0085                     _TRISA	set	133
    65  0432                     _RA2	set	1074
    66                           
    67                           	psect	cinit
    68  000B                     start_initialization:	
    69                           ; #config settings
    70                           
    71  000B                     __initialization:	
    72  000B                     end_of_initialization:	
    73                           ;End of C runtime variable initialization code
    74                           
    75  000B                     __end_of__initialization:	
    76  000B  0183               	clrf	3
    77  000C  280D               	ljmp	_main	;jump to C main() function
    78                           
    79                           	psect	cstackCOMMON
    80  0070                     __pcstackCOMMON:	
    81  0070                     ?_main:	
    82  0070                     ?_PB_Isr:	
    83                           ; 1 bytes @ 0x0
    84                           
    85  0070                     ??_PB_Isr:	
    86                           ; 1 bytes @ 0x0
    87                           
    88                           
    89                           ; 1 bytes @ 0x0
    90  0070                     	ds	2
    91  0072                     ??_main:	
    92                           
    93                           	psect	maintext
    94  000D                     __pmaintext:	
    95                           ; 1 bytes @ 0x2
    96 ;;
    97 ;;Main: autosize = 0, tempsize = 0, incstack = 0, save=0
    98 ;;
    99 ;; *************** function _main *****************
   100 ;; Defined at:
   101 ;;		line 14 in file "C:\Users\86135\Desktop\项目实践\SC8F072_DEMO_C\SC8F072_DEMO_C\SC8F072_INT_Demo\PB_Interrupt_Demo.c"
   102 ;; Parameters:    Size  Location     Type
   103 ;;		None
   104 ;; Auto vars:     Size  Location     Type
   105 ;;		None
   106 ;; Return value:  Size  Location     Type
   107 ;;                  1    wreg      void 
   108 ;; Registers used:
   109 ;;		wreg, status,2
   110 ;; Tracked objects:
   111 ;;		On entry : B00/0
   112 ;;		On exit  : 0/0
   113 ;;		Unchanged: 0/0
   114 ;; Data sizes:     COMMON   BANK0   BANK1
   115 ;;      Params:         0       0       0
   116 ;;      Locals:         0       0       0
   117 ;;      Temps:          0       0       0
   118 ;;      Totals:         0       0       0
   119 ;;Total ram usage:        0 bytes
   120 ;; Hardware stack levels required when called:    1
   121 ;; This function calls:
   122 ;;		Nothing
   123 ;; This function is called by:
   124 ;;		Startup code after reset
   125 ;; This function uses a non-reentrant model
   126 ;;
   127                           
   128                           
   129                           ;psect for function _main
   130  000D                     _main:	
   131                           
   132                           ;incstack = 0
   133                           ; Regs used in _main: [wreg+status,2]
   134  000D  0000               	nop	;# 
   135  000E  0064               	clrwdt	;# 
   136                           
   137                           ;PB_Interrupt_Demo.c: 19: OSCCON = 0x70;
   138  000F  3070               	movlw	112
   139  0010  1283               	bcf	3,5	;RP0=0, select bank0
   140  0011  0094               	movwf	20	;volatile
   141                           
   142                           ;PB_Interrupt_Demo.c: 20: OPTION_REG = 0;
   143  0012  0181               	clrf	1	;volatile
   144                           
   145                           ;PB_Interrupt_Demo.c: 21: TRISA = 0;
   146  0013  1683               	bsf	3,5	;RP0=1, select bank1
   147  0014  0185               	clrf	5	;volatile
   148                           
   149                           ;PB_Interrupt_Demo.c: 23: PR2 = 249;
   150  0015  30F9               	movlw	249
   151  0016  1283               	bcf	3,5	;RP0=0, select bank0
   152  0017  0091               	movwf	17	;volatile
   153                           
   154                           ;PB_Interrupt_Demo.c: 24: TMR2IF = 0;
   155  0018  108D               	bcf	13,1	;volatile
   156                           
   157                           ;PB_Interrupt_Demo.c: 25: TMR2IE = 1;
   158  0019  148E               	bsf	14,1	;volatile
   159                           
   160                           ;PB_Interrupt_Demo.c: 27: T2CON = 0B00000101;
   161  001A  3005               	movlw	5
   162  001B  0093               	movwf	19	;volatile
   163                           
   164                           ;PB_Interrupt_Demo.c: 30: WPUB = 0B00001000;
   165  001C  3008               	movlw	8
   166  001D  0088               	movwf	8	;volatile
   167                           
   168                           ;PB_Interrupt_Demo.c: 31: TRISB = 0B00001000;
   169  001E  0085               	movwf	5	;volatile
   170                           
   171                           ;PB_Interrupt_Demo.c: 32: IOCB = 0B00001000;
   172  001F  0089               	movwf	9	;volatile
   173                           
   174                           ;PB_Interrupt_Demo.c: 33: RBIE = 1;
   175  0020  158B               	bsf	11,3	;volatile
   176                           
   177                           ;PB_Interrupt_Demo.c: 34: INTCON = 0xC8;
   178  0021  30C8               	movlw	200
   179  0022  008B               	movwf	11	;volatile
   180                           
   181                           ;PB_Interrupt_Demo.c: 35: PORTB;
   182  0023  0806               	movf	6,w	;volatile
   183  0024                     l601:	
   184                           ;PB_Interrupt_Demo.c: 38: while(1)
   185                           
   186  0024  0064               	clrwdt	;# 
   187  0025  2824               	goto	l601
   188  0026                     __end_of_main:	
   189                           
   190                           	psect	text1
   191  0026                     __ptext1:	
   192 ;; *************** function _PB_Isr *****************
   193 ;; Defined at:
   194 ;;		line 52 in file "C:\Users\86135\Desktop\项目实践\SC8F072_DEMO_C\SC8F072_DEMO_C\SC8F072_INT_Demo\PB_Interrupt_Demo.c"
   195 ;; Parameters:    Size  Location     Type
   196 ;;		None
   197 ;; Auto vars:     Size  Location     Type
   198 ;;		None
   199 ;; Return value:  Size  Location     Type
   200 ;;                  1    wreg      void 
   201 ;; Registers used:
   202 ;;		wreg, status,2, status,0
   203 ;; Tracked objects:
   204 ;;		On entry : 0/0
   205 ;;		On exit  : 0/0
   206 ;;		Unchanged: 0/0
   207 ;; Data sizes:     COMMON   BANK0   BANK1
   208 ;;      Params:         0       0       0
   209 ;;      Locals:         0       0       0
   210 ;;      Temps:          2       0       0
   211 ;;      Totals:         2       0       0
   212 ;;Total ram usage:        2 bytes
   213 ;; Hardware stack levels used:    1
   214 ;; This function calls:
   215 ;;		Nothing
   216 ;; This function is called by:
   217 ;;		Interrupt level 1
   218 ;; This function uses a non-reentrant model
   219 ;;
   220                           
   221                           
   222                           ;psect for function _PB_Isr
   223  0026                     _PB_Isr:	
   224                           
   225                           ;PB_Interrupt_Demo.c: 54: if(RBIF)
   226  0026  1C0B               	btfss	11,0	;volatile
   227  0027  282E               	goto	i1l1007
   228                           
   229                           ;PB_Interrupt_Demo.c: 55: {
   230                           ;PB_Interrupt_Demo.c: 56: RBIF = 0;
   231  0028  100B               	bcf	11,0	;volatile
   232                           
   233                           ;PB_Interrupt_Demo.c: 57: RA2 = !RA2;
   234  0029  3004               	movlw	4
   235  002A  1683               	bsf	3,5	;RP0=1, select bank1
   236  002B  0686               	xorwf	6,f
   237                           
   238                           ;PB_Interrupt_Demo.c: 58: PORTB;
   239  002C  1283               	bcf	3,5	;RP0=0, select bank0
   240  002D  0806               	movf	6,w	;volatile
   241  002E                     i1l1007:	
   242                           
   243                           ;PB_Interrupt_Demo.c: 60: }
   244                           ;PB_Interrupt_Demo.c: 61: if(TMR2IF)
   245  002E  1283               	bcf	3,5	;RP0=0, select bank0
   246  002F  1C8D               	btfss	13,1	;volatile
   247  0030  2835               	goto	i1l611
   248                           
   249                           ;PB_Interrupt_Demo.c: 62: {
   250                           ;PB_Interrupt_Demo.c: 63: TMR2IF = 0;
   251  0031  108D               	bcf	13,1	;volatile
   252                           
   253                           ;PB_Interrupt_Demo.c: 65: PORTA ^= 0X02;
   254  0032  3002               	movlw	2
   255  0033  1683               	bsf	3,5	;RP0=1, select bank1
   256  0034  0686               	xorwf	6,f	;volatile
   257  0035                     i1l611:	
   258  0035  0871               	movf	??_PB_Isr+1,w
   259  0036  008A               	movwf	10
   260  0037  0E70               	swapf	??_PB_Isr^(0+-128),w
   261  0038  0083               	movwf	3
   262  0039  0EFE               	swapf	126,f
   263  003A  0E7E               	swapf	126,w
   264  003B  0009               	retfie
   265  003C                     __end_of_PB_Isr:	
   266  007E                     btemp	set	126	;btemp
   267  007E                     wtemp0	set	126
   268                           
   269                           	psect	intentry
   270  0004                     __pintentry:	
   271                           ;incstack = 0
   272                           ; Regs used in _PB_Isr: [wreg+status,2+status,0]
   273                           
   274  0004                     interrupt_function:	
   275  007E                     saved_w	set	btemp
   276  0004  00FE               	movwf	btemp
   277  0005  0E03               	swapf	3,w
   278  0006  00F0               	movwf	??_PB_Isr
   279  0007  080A               	movf	10,w
   280  0008  00F1               	movwf	??_PB_Isr+1
   281  0009  2826               	ljmp	_PB_Isr


Data Sizes:
    Strings     0
    Constant    0
    Data        0
    BSS         0
    Persistent  0
    Stack       0

Auto Spaces:
    Space          Size  Autos    Used
    COMMON           14      2       2
    BANK0            80      0       0
    BANK1            80      0       0

Pointer List with Targets:

    None.

Critical Paths under _main in COMMON

    None.

Critical Paths under _PB_Isr in COMMON

    None.

Critical Paths under _main in BANK0

    None.

Critical Paths under _PB_Isr in BANK0

    None.

Critical Paths under _main in BANK1

    None.

Critical Paths under _PB_Isr in BANK1

    None.

Call Graph Tables:

 ---------------------------------------------------------------------------------
 (Depth) Function   	        Calls       Base Space   Used Autos Params    Refs
 ---------------------------------------------------------------------------------
 (0) _main                                                 0     0      0       0
 ---------------------------------------------------------------------------------
 Estimated maximum stack depth 0
 ---------------------------------------------------------------------------------
 (Depth) Function   	        Calls       Base Space   Used Autos Params    Refs
 ---------------------------------------------------------------------------------
 (1) _PB_Isr                                               2     2      0       0
                                              0 COMMON     2     2      0
 ---------------------------------------------------------------------------------
 Estimated maximum stack depth 1
 ---------------------------------------------------------------------------------

 Call Graph Graphs:

 _main (ROOT)

 _PB_Isr (ROOT)

 Address spaces:
Name               Size   Autos  Total    Cost      Usage
BITCOMMON            E      0       0       0        0.0%
NULL                 0      0       0       0        0.0%
CODE                 0      0       0       0        0.0%
COMMON               E      2       2       1       14.3%
BITSFR0              0      0       0       1        0.0%
SFR0                 0      0       0       1        0.0%
BITSFR1              0      0       0       2        0.0%
SFR1                 0      0       0       2        0.0%
STACK                0      0       0       2        0.0%
BITBANK0            50      0       0       3        0.0%
BANK0               50      0       0       4        0.0%
BITBANK1            50      0       0       5        0.0%
BANK1               50      0       0       6        0.0%
ABS                  0      0       0       7        0.0%
DATA                 0      0       0       8        0.0%


Microchip Technology PIC Macro Assembler V1.45 build -152302408 
Symbol Table                                                                                   Thu Nov 14 17:39:25 2024

                    l601 0024                      _RA2 0432                      _PR2 0011  
                   _IOCB 0009                     _RBIE 005B                     _RBIF 0058  
                   _WPUB 0008                     _main 000D                     btemp 007E  
                   start 000A                    ?_main 0070                    _T2CON 0013  
                  i1l611 0035                    _PORTA 0086                    _PORTB 0006  
                  _TRISA 0085                    _TRISB 0005                    pclath 000A  
                  status 0003                    wtemp0 007E          __initialization 000B  
           __end_of_main 0026                   ??_main 0072                   i1l1007 002E  
                 _INTCON 000B                   _OSCCON 0014                   _TMR2IE 0071  
                 _TMR2IF 0069                   _PB_Isr 0026                   saved_w 007E  
__end_of__initialization 000B           __pcstackCOMMON 0070                  ?_PB_Isr 0070  
             __pmaintext 000D               __pintentry 0004          __size_of_PB_Isr 0016  
                __ptext0 0000                  __ptext1 0026     end_of_initialization 000B  
         __end_of_PB_Isr 003C      start_initialization 000B                 ??_PB_Isr 0070  
              ___latbits 0000        interrupt_function 0004            __size_of_main 0019  
               intlevel1 0000               _OPTION_REG 0001  
